app/build/intermediates/manifest_merge_blame_file/release/manifest-merger-blame-release-report.txt
1<?xml version="1.0" encoding="utf-8"?>
2<manifest xmlns:android="http://schemas.android.com/apk/res/android"
3    package="fr.isen.sebastien_SILVANO.androiderestaurant"
4    android:versionCode="1"
5    android:versionName="1.0" >
6
7    <uses-sdk
8        android:minSdkVersion="21"
8-->src/main/AndroidManifest.xml
9        android:targetSdkVersion="30" />
9-->src/main/AndroidManifest.xml
10    <!-- permissions -->
11    <uses-permission android:name="android.permission.INTERNET" />
11-->src/main/AndroidManifest.xml:5:5-67
11-->src/main/AndroidManifest.xml:5:22-64
12    <uses-permission android:name="android.permission.ACCESS_NETWORK_STATE" />
12-->src/main/AndroidManifest.xml:6:5-79
12-->src/main/AndroidManifest.xml:6:22-76
13    <uses-permission android:name="android.permission.BLUETOOTH" />
13-->src/main/AndroidManifest.xml:7:5-68
13-->src/main/AndroidManifest.xml:7:22-65
14    <uses-permission android:name="android.permission.BLUETOOTH_ADMIN" /> <!-- Required only if your app isn't using the Device Companion Manager. -->
14-->src/main/AndroidManifest.xml:8:5-74
14-->src/main/AndroidManifest.xml:8:22-71
15    <uses-permission android:name="android.permission.ACCESS_FINE_LOCATION" />
15-->src/main/AndroidManifest.xml:9:5-79
15-->src/main/AndroidManifest.xml:9:22-76
16
17    <application
17-->src/main/AndroidManifest.xml:11:5-30:19
18        android:allowBackup="true"
18-->src/main/AndroidManifest.xml:12:9-35
19        android:appComponentFactory="androidx.core.app.CoreComponentFactory"
19-->[androidx.core:core:1.2.0] AndroidManifest.xml:24:18-86
20        android:icon="@mipmap/ic_launcher"
20-->src/main/AndroidManifest.xml:13:9-43
21        android:label="@string/app_name"
21-->src/main/AndroidManifest.xml:14:9-41
22        android:roundIcon="@mipmap/ic_launcher_round"
22-->src/main/AndroidManifest.xml:15:9-54
23        android:supportsRtl="true"
23-->src/main/AndroidManifest.xml:16:9-35
24        android:theme="@style/Theme.AndroidERestaurant"
24-->src/main/AndroidManifest.xml:17:10-57
25        android:usesCleartextTraffic="true" >
25-->src/main/AndroidManifest.xml:18:9-44
26        <activity android:name="fr.isen.sebastien_SILVANO.androiderestaurant.ble.BLEDeviceInfoActivity" />
26-->src/main/AndroidManifest.xml:19:9-72
26-->src/main/AndroidManifest.xml:19:19-60
27        <activity android:name="fr.isen.sebastien_SILVANO.androiderestaurant.ble.BLEScanActivity" /> <!-- activities -->
27-->src/main/AndroidManifest.xml:20:9-66
27-->src/main/AndroidManifest.xml:20:19-54
28        <activity android:name="fr.isen.sebastien_SILVANO.androiderestaurant.MealActivity" />
28-->src/main/AndroidManifest.xml:21:9-50
28-->src/main/AndroidManifest.xml:21:19-47
29        <activity android:name="fr.isen.sebastien_SILVANO.androiderestaurant.MealListActivity" />
29-->src/main/AndroidManifest.xml:22:9-54
29-->src/main/AndroidManifest.xml:22:19-51
30        <activity android:name="fr.isen.sebastien_SILVANO.androiderestaurant.MainActivity" >
30-->src/main/AndroidManifest.xml:23:9-29:20
30-->src/main/AndroidManifest.xml:23:19-47
31            <intent-filter>
31-->src/main/AndroidManifest.xml:24:13-28:29
32                <action android:name="android.intent.action.MAIN" />
32-->src/main/AndroidManifest.xml:25:17-69
32-->src/main/AndroidManifest.xml:25:25-66
33
34                <category android:name="android.intent.category.LAUNCHER" />
34-->src/main/AndroidManifest.xml:27:17-77
34-->src/main/AndroidManifest.xml:27:27-74
35            </intent-filter>
36        </activity>
37
38        <provider
38-->[com.squareup.picasso:picasso:2.71828] AndroidManifest.xml:8:9-11:40
39            android:name="com.squareup.picasso.PicassoProvider"
39-->[com.squareup.picasso:picasso:2.71828] AndroidManifest.xml:9:13-64
40            android:authorities="fr.isen.sebastien_SILVANO.androiderestaurant.com.squareup.picasso"
40-->[com.squareup.picasso:picasso:2.71828] AndroidManifest.xml:10:13-72
41            android:exported="false" />
41-->[com.squareup.picasso:picasso:2.71828] AndroidManifest.xml:11:13-37
42    </application>
43
44</manifest>